
========================[ Apr 14, 2011  5:53 PM ]========================
Version 2.2.17 [Aug-26-2007]
Started database file "all.fasta"
Formatted 414 sequences in volume 0
SUCCESS: formatted database all

========================[ Apr 14, 2011  5:54 PM ]========================
Version 2.2.17 [Aug-26-2007]
Started database file "all.fasta"
Formatted 414 sequences in volume 0
SUCCESS: formatted database all

========================[ Apr 14, 2011  6:10 PM ]========================
ERROR: [000.000] No database name was specified

========================[ Apr 14, 2011  6:10 PM ]========================
Version 2.2.17 [Aug-26-2007]
Started database file "crel.fasta"
Formatted 22 sequences in volume 0
SUCCESS: formatted database crel

========================[ Apr 14, 2011  6:10 PM ]========================
Version 2.2.17 [Aug-26-2007]
Started database file "rela.fasta"
Formatted 95 sequences in volume 0
SUCCESS: formatted database rela

========================[ Apr 14, 2011  6:11 PM ]========================
Version 2.2.17 [Aug-26-2007]
Started database file "relb.fasta"
Formatted 19 sequences in volume 0
SUCCESS: formatted database relb

========================[ Apr 14, 2011  6:11 PM ]========================
Version 2.2.17 [Aug-26-2007]
Started database file "nfkb1.fasta"
Formatted 70 sequences in volume 0
SUCCESS: formatted database nfkb1

========================[ Apr 14, 2011  6:11 PM ]========================
Version 2.2.17 [Aug-26-2007]
Started database file "nfkb2.fasta"
Formatted 59 sequences in volume 0
SUCCESS: formatted database nfkb2

========================[ Apr 14, 2011  6:11 PM ]========================
Version 2.2.17 [Aug-26-2007]
Started database file "dorsal.fasta"
Formatted 49 sequences in volume 0
SUCCESS: formatted database dorsal

========================[ Apr 14, 2011  6:11 PM ]========================
Version 2.2.17 [Aug-26-2007]
Started database file "dif.fasta"
Formatted 29 sequences in volume 0
SUCCESS: formatted database dif

========================[ Apr 14, 2011  6:11 PM ]========================
Version 2.2.17 [Aug-26-2007]
Started database file "relish.fasta"
Formatted 71 sequences in volume 0
SUCCESS: formatted database relish
